<?xml version="1.0" encoding="UTF-8"?>
<!-- Generated by org.testng.reporters.JUnitXMLReporter -->
<testsuite hostname="KAPAMAC114YHTD7" ignored="0" name="Test" tests="1" failures="1" timestamp="2020-02-03T17:49:37 MST" time="17.982" errors="0">
  <testcase name="verifyLoginToApplication" time="6.805" classname="com.MercuryTravel.tests.HomePageTests1">
    <failure type="java.lang.AssertionError" message="expected:&amp;lt;Welcome, Saurabh1&amp;gt; but was:&amp;lt;Welcome, Saurabh&amp;gt;">
      <![CDATA[java.lang.AssertionError: expected:<Welcome, Saurabh1> but was:<Welcome, Saurabh>
at com.MercuryTravel.tests.HomePageTests1.verifyLoginToApplication(HomePageTests1.java:27)
at java.util.ArrayList.forEach(ArrayList.java:1257)
... Removed 29 stack frames]]>
    </failure>
  </testcase> <!-- verifyLoginToApplication -->
</testsuite> <!-- Test -->
