<?xml version="1.0" encoding="UTF-8"?>
<!-- Generated by org.testng.reporters.JUnitXMLReporter -->
<testsuite hostname="KAPAMAC114YHTD7" ignored="0" name="Test" tests="1" failures="1" timestamp="2019-11-12T11:31:03 MST" time="14.131" errors="0">
  <testcase name="verifyLoginToApplication" time="4.292" classname="com.MercuryTravel.tests.HomePageTests">
    <failure type="java.lang.AssertionError" message="expected [Welcome, Saurabh] but found [Welcome, Saurav]">
      <![CDATA[java.lang.AssertionError: expected [Welcome, Saurabh] but found [Welcome, Saurav]
at com.MercuryTravel.tests.HomePageTests.verifyLoginToApplication(HomePageTests.java:22)
at java.util.ArrayList.forEach(ArrayList.java:1257)
... Removed 32 stack frames]]>
    </failure>
  </testcase> <!-- verifyLoginToApplication -->
</testsuite> <!-- Test -->
