<?xml version="1.0" encoding="UTF-8"?>
<!-- Generated by org.testng.reporters.JUnitXMLReporter -->
<testsuite hostname="KAPAMAC114YHTD7" ignored="0" name="Test" tests="1" failures="0" timestamp="2020-01-07T23:16:33 MST" time="0.059" errors="0">
  <testcase name="@BeforeClass setup" time="0.011" classname="com.MercuryTravel.tests.TestSetup">
    <failure type="java.io.FileNotFoundException" message="null/config/config.properties (No such file or directory)">
      <![CDATA[java.io.FileNotFoundException: null/config/config.properties (No such file or directory)
at java.io.FileInputStream.open0(Native Method)
at java.io.FileInputStream.open(FileInputStream.java:195)
at java.io.FileInputStream.<init>(FileInputStream.java:138)
at java.io.FileInputStream.<init>(FileInputStream.java:93)
at commonLibs.utils.ConfigReader.getProperties(ConfigReader.java:14)
at com.MercuryTravel.tests.TestSetup.setup(TestSetup.java:29)
at java.util.ArrayList.forEach(ArrayList.java:1257)
... Removed 25 stack frames]]>
    </failure>
  </testcase> <!-- @BeforeClass setup -->
  <testcase name="@AfterClass cleanup" time="0.001" classname="com.MercuryTravel.tests.TestSetup">
    <failure type="java.lang.NullPointerException">
      <![CDATA[java.lang.NullPointerException
at com.MercuryTravel.tests.TestSetup.cleanup(TestSetup.java:50)
at java.util.ArrayList.forEach(ArrayList.java:1257)
... Removed 25 stack frames]]>
    </failure>
  </testcase> <!-- @AfterClass cleanup -->
  <testcase name="verifyLoginToApplication" time="0.0" classname="com.MercuryTravel.tests.HomePageTests">
    <skipped/>
  </testcase> <!-- verifyLoginToApplication -->
</testsuite> <!-- Test -->
